\BOOKMARK [1][-]{section.1}{Brute-force e certificazione}{}% 1
\BOOKMARK [2][-]{subsection.1.1}{A.1}{section.1}% 2
\BOOKMARK [2][-]{subsection.1.2}{A.2}{section.1}% 3
\BOOKMARK [2][-]{subsection.1.3}{A.3}{section.1}% 4
\BOOKMARK [2][-]{subsection.1.4}{A.4}{section.1}% 5
\BOOKMARK [1][-]{section.2}{Backtrack}{}% 6
\BOOKMARK [2][-]{subsection.2.1}{B.1}{section.2}% 7
\BOOKMARK [2][-]{subsection.2.2}{B.2}{section.2}% 8
\BOOKMARK [2][-]{subsection.2.3}{B.3}{section.2}% 9
\BOOKMARK [1][-]{section.3}{Branch\046Bound}{}% 10
\BOOKMARK [2][-]{subsection.3.1}{C.1}{section.3}% 11
\BOOKMARK [2][-]{subsection.3.2}{C.2}{section.3}% 12
\BOOKMARK [2][-]{subsection.3.3}{C.3}{section.3}% 13
\BOOKMARK [2][-]{subsection.3.4}{C.4}{section.3}% 14
\BOOKMARK [2][-]{subsection.3.5}{C.5}{section.3}% 15
\BOOKMARK [2][-]{subsection.3.6}{C.6}{section.3}% 16
\BOOKMARK [2][-]{subsection.3.7}{C.7}{section.3}% 17
\BOOKMARK [2][-]{subsection.3.8}{C.8}{section.3}% 18
\BOOKMARK [2][-]{subsection.3.9}{C.9}{section.3}% 19
\BOOKMARK [2][-]{subsection.3.10}{C.10}{section.3}% 20
\BOOKMARK [2][-]{subsection.3.11}{C.11}{section.3}% 21
\BOOKMARK [2][-]{subsection.3.12}{C.12}{section.3}% 22
\BOOKMARK [2][-]{subsection.3.13}{C.13}{section.3}% 23
\BOOKMARK [2][-]{subsection.3.14}{C.14}{section.3}% 24
\BOOKMARK [1][-]{section.4}{Programmazione dinamica}{}% 25
\BOOKMARK [2][-]{subsection.4.1}{D.1}{section.4}% 26
\BOOKMARK [2][-]{subsection.4.2}{D.2}{section.4}% 27
\BOOKMARK [1][-]{section.5}{Complessit\340 computazionale}{}% 28
\BOOKMARK [2][-]{subsection.5.1}{E.1}{section.5}% 29
\BOOKMARK [2][-]{subsection.5.2}{E.2}{section.5}% 30
\BOOKMARK [2][-]{subsection.5.3}{E.3}{section.5}% 31
\BOOKMARK [2][-]{subsection.5.4}{E.4}{section.5}% 32
\BOOKMARK [2][-]{subsection.5.5}{E.5}{section.5}% 33
\BOOKMARK [2][-]{subsection.5.6}{E.6}{section.5}% 34
\BOOKMARK [2][-]{subsection.5.7}{E.7}{section.5}% 35
\BOOKMARK [2][-]{subsection.5.8}{E:8}{section.5}% 36
\BOOKMARK [2][-]{subsection.5.9}{E.9}{section.5}% 37
\BOOKMARK [2][-]{subsection.5.10}{E.10}{section.5}% 38
\BOOKMARK [2][-]{subsection.5.11}{E.11}{section.5}% 39
\BOOKMARK [2][-]{subsection.5.12}{E.12}{section.5}% 40
\BOOKMARK [2][-]{subsection.5.13}{E.13}{section.5}% 41
\BOOKMARK [2][-]{subsection.5.14}{E.14}{section.5}% 42
\BOOKMARK [1][-]{section.6}{Problemi computazionali}{}% 43
