This is pdfTeX, Version 3.14159265-2.6-1.40.20 (TeX Live 2019/Debian) (preloaded format=pdflatex 2022.3.22)  23 MAY 2022 11:00
entering extended mode
 restricted \write18 enabled.
 file:line:error style messages enabled.
 %&-line parsing enabled.
**risposte.tex
(./risposte.tex
LaTeX2e <2020-02-02> patch level 2
L3 programming layer <2020-02-14> (/usr/share/texlive/texmf-dist/tex/latex/base/article.cls
Document Class: article 2019/12/20 v1.4l Standard LaTeX document class
(/usr/share/texlive/texmf-dist/tex/latex/base/size10.clo
File: size10.clo 2019/12/20 v1.4l Standard LaTeX file (size option)
)
\c@part=\count167
\c@section=\count168
\c@subsection=\count169
\c@subsubsection=\count170
\c@paragraph=\count171
\c@subparagraph=\count172
\c@figure=\count173
\c@table=\count174
\abovecaptionskip=\skip47
\belowcaptionskip=\skip48
\bibindent=\dimen134
) (/usr/share/texlive/texmf-dist/tex/latex/listings/listings.sty (/usr/share/texlive/texmf-dist/tex/latex/graphics/keyval.sty
Package: keyval 2014/10/28 v1.15 key=value parser (DPC)
\KV@toks@=\toks14
)
\lst@mode=\count175
\lst@gtempboxa=\box45
\lst@token=\toks15
\lst@length=\count176
\lst@currlwidth=\dimen135
\lst@column=\count177
\lst@pos=\count178
\lst@lostspace=\dimen136
\lst@width=\dimen137
\lst@newlines=\count179
\lst@lineno=\count180
\lst@maxwidth=\dimen138
 (/usr/share/texlive/texmf-dist/tex/latex/listings/lstmisc.sty
File: lstmisc.sty 2019/09/10 1.8c (Carsten Heinz)
\c@lstnumber=\count181
\lst@skipnumbers=\count182
\lst@framebox=\box46
) (/usr/share/texlive/texmf-dist/tex/latex/listings/listings.cfg
File: listings.cfg 2019/09/10 1.8c listings configuration
))
Package: listings 2019/09/10 1.8c (Carsten Heinz)
 (/usr/share/texlive/texmf-dist/tex/latex/qtree/qtree.sty
Package: 2008/12/12 v.3.1bQtree: tree-drawing for linguistics
Package: qtree 2008/12/12 v.3.1bQtree: tree-drawing for linguistics
(/usr/share/texlive/texmf-dist/tex/latex/pict2e/pict2e.sty
Package: pict2e 2019/08/20 v0.3c Improved picture commands (HjG,RN,JT)
 (/usr/share/texlive/texmf-dist/tex/latex/pict2e/pict2e.cfg
File: pict2e.cfg 2016/02/05 v0.1u pict2e configuration for teTeX/TeXLive
)
Package pict2e Info: Driver file: pdftex.def on input line 119.
 (/usr/share/texlive/texmf-dist/tex/latex/graphics-def/pdftex.def
File: pdftex.def 2018/01/08 v1.0l Graphics/color driver for pdftex
)
Package pict2e Info: Driver file for pict2e: p2e-pdftex.def on input line 121.
 (/usr/share/texlive/texmf-dist/tex/latex/pict2e/p2e-pdftex.def
File: p2e-pdftex.def 2016/02/05 v0.1u Driver-dependant file (RN,HjG,JT)
) (/usr/share/texlive/texmf-dist/tex/latex/graphics/trig.sty
Package: trig 2016/01/03 v1.10 sin cos tan (DPC)
)
\pIIe@GRAPH=\toks16
\@arclen=\dimen139
\@arcrad=\dimen140
\@tempdimd=\dimen141
)
\c@treecount=\count183
\c@branchcount=\count184
\parentbox=\box47
\treebox=\box48
\treeboxone=\box49
\treeboxtwo=\box50
\treeboxthree=\box51
\treeboxfour=\box52
\treeboxfive=\box53
\treeboxsix=\box54
\treeboxseven=\box55
\treeboxeight=\box56
\treeboxnine=\box57
\treeboxten=\box58
\treeboxeleven=\box59
\treeboxtwelve=\box60
\treeboxthirteen=\box61
\treeboxfourteen=\box62
\treeboxfifteen=\box63
\treeboxsixteen=\box64
\treeboxseventeen=\box65
\treeboxeighteen=\box66
\treeboxnineteen=\box67
\treeboxtwenty=\box68
\treeoffsetone=\skip49
\treeoffsettwo=\skip50
\treeoffsetthree=\skip51
\treeoffsetfour=\skip52
\treeoffsetfive=\skip53
\treeoffsetsix=\skip54
\treeoffsetseven=\skip55
\treeoffseteight=\skip56
\treeoffsetnine=\skip57
\treeoffsetten=\skip58
\treeoffseteleven=\skip59
\treeoffsettwelve=\skip60
\treeoffsetthirteen=\skip61
\treeoffsetfourteen=\skip62
\treeoffsetfifteen=\skip63
\treeoffsetsixteen=\skip64
\treeoffsetseventeen=\skip65
\treeoffseteighteen=\skip66
\treeoffsetnineteen=\skip67
\treeoffsettwenty=\skip68
\treeshiftone=\skip69
\treeshifttwo=\skip70
\treeshiftthree=\skip71
\treeshiftfour=\skip72
\treeshiftfive=\skip73
\treeshiftsix=\skip74
\treeshiftseven=\skip75
\treeshifteight=\skip76
\treeshiftnine=\skip77
\treeshiftten=\skip78
\treeshifteleven=\skip79
\treeshifttwelve=\skip80
\treeshiftthirteen=\skip81
\treeshiftfourteen=\skip82
\treeshiftfifteen=\skip83
\treeshiftsixteen=\skip84
\treeshiftseventeen=\skip85
\treeshifteighteen=\skip86
\treeshiftnineteen=\skip87
\treeshifttwenty=\skip88
\treewidthone=\skip89
\treewidthtwo=\skip90
\treewidththree=\skip91
\treewidthfour=\skip92
\treewidthfive=\skip93
\treewidthsix=\skip94
\treewidthseven=\skip95
\treewidtheight=\skip96
\treewidthnine=\skip97
\treewidthten=\skip98
\treewidtheleven=\skip99
\treewidthtwelve=\skip100
\treewidththirteen=\skip101
\treewidthfourteen=\skip102
\treewidthfifteen=\skip103
\treewidthsixteen=\skip104
\treewidthseventeen=\skip105
\treewidtheighteen=\skip106
\treewidthnineteen=\skip107
\treewidthtwenty=\skip108
\daughteroffsetone=\skip109
\daughteroffsettwo=\skip110
\daughteroffsetthree=\skip111
\daughteroffsetfour=\skip112
\branchwidthone=\skip113
\branchwidthtwo=\skip114
\branchwidththree=\skip115
\branchwidthfour=\skip116
\parentoffset=\skip117
\treeoffset=\skip118
\daughteroffset=\skip119
\branchwidth=\skip120
\parentwidth=\skip121
\treewidth=\skip122
\qta=\toks17
\qtb=\toks18
\nbranches=\count185
\qroofx=\count186
\qroofy=\count187
\@qrscratchbox=\box69
) (/usr/share/texlive/texmf-dist/tex/latex/xcolor/xcolor.sty
Package: xcolor 2016/05/11 v2.12 LaTeX color extensions (UK)
 (/usr/share/texlive/texmf-dist/tex/latex/graphics-cfg/color.cfg
File: color.cfg 2016/01/02 v1.6 sample color configuration
)
Package xcolor Info: Driver file: pdftex.def on input line 225.
Package xcolor Info: Model `cmy' substituted by `cmy0' on input line 1348.
Package xcolor Info: Model `hsb' substituted by `rgb' on input line 1352.
Package xcolor Info: Model `RGB' extended on input line 1364.
Package xcolor Info: Model `HTML' substituted by `rgb' on input line 1366.
Package xcolor Info: Model `Hsb' substituted by `hsb' on input line 1367.
Package xcolor Info: Model `tHsb' substituted by `hsb' on input line 1368.
Package xcolor Info: Model `HSB' substituted by `hsb' on input line 1369.
Package xcolor Info: Model `Gray' substituted by `gray' on input line 1370.
Package xcolor Info: Model `wave' substituted by `hsb' on input line 1371.
) (/usr/share/texlive/texmf-dist/tex/latex/forest/forest.sty
Package: forest 2017/07/14 v2.1.5 Drawing (linguistic) trees
 (/usr/share/texlive/texmf-dist/tex/latex/pgf/frontendlayer/tikz.sty (/usr/share/texlive/texmf-dist/tex/latex/pgf/basiclayer/pgf.sty (/usr/share/texlive/texmf-dist/tex/latex/pgf/utilities/pgfrcs.sty (/usr/share/texlive/texmf-dist/tex/generic/pgf/utilities/pgfutil-common.tex
\pgfutil@everybye=\toks19
\pgfutil@tempdima=\dimen142
\pgfutil@tempdimb=\dimen143
 (/usr/share/texlive/texmf-dist/tex/generic/pgf/utilities/pgfutil-common-lists.tex)) (/usr/share/texlive/texmf-dist/tex/generic/pgf/utilities/pgfutil-latex.def
\pgfutil@abb=\box70
 (/usr/share/texlive/texmf-dist/tex/latex/ms/everyshi.sty
Package: everyshi 2001/05/15 v3.00 EveryShipout Package (MS)
)) (/usr/share/texlive/texmf-dist/tex/generic/pgf/utilities/pgfrcs.code.tex (/usr/share/texlive/texmf-dist/tex/generic/pgf/pgf.revision.tex)
Package: pgfrcs 2020/01/08 v3.1.5b (3.1.5b)
))
Package: pgf 2020/01/08 v3.1.5b (3.1.5b)
 (/usr/share/texlive/texmf-dist/tex/latex/pgf/basiclayer/pgfcore.sty (/usr/share/texlive/texmf-dist/tex/latex/graphics/graphicx.sty
Package: graphicx 2019/11/30 v1.2a Enhanced LaTeX Graphics (DPC,SPQR)
 (/usr/share/texlive/texmf-dist/tex/latex/graphics/graphics.sty
Package: graphics 2019/11/30 v1.4a Standard LaTeX Graphics (DPC,SPQR)
 (/usr/share/texlive/texmf-dist/tex/latex/graphics-cfg/graphics.cfg
File: graphics.cfg 2016/06/04 v1.11 sample graphics configuration
)
Package graphics Info: Driver file: pdftex.def on input line 105.
)
\Gin@req@height=\dimen144
\Gin@req@width=\dimen145
) (/usr/share/texlive/texmf-dist/tex/latex/pgf/systemlayer/pgfsys.sty (/usr/share/texlive/texmf-dist/tex/generic/pgf/systemlayer/pgfsys.code.tex
Package: pgfsys 2020/01/08 v3.1.5b (3.1.5b)
 (/usr/share/texlive/texmf-dist/tex/generic/pgf/utilities/pgfkeys.code.tex
\pgfkeys@pathtoks=\toks20
\pgfkeys@temptoks=\toks21
 (/usr/share/texlive/texmf-dist/tex/generic/pgf/utilities/pgfkeysfiltered.code.tex
\pgfkeys@tmptoks=\toks22
))
\pgf@x=\dimen146
\pgf@y=\dimen147
\pgf@xa=\dimen148
\pgf@ya=\dimen149
\pgf@xb=\dimen150
\pgf@yb=\dimen151
\pgf@xc=\dimen152
\pgf@yc=\dimen153
\pgf@xd=\dimen154
\pgf@yd=\dimen155
\w@pgf@writea=\write3
\r@pgf@reada=\read2
\c@pgf@counta=\count188
\c@pgf@countb=\count189
\c@pgf@countc=\count190
\c@pgf@countd=\count191
\t@pgf@toka=\toks23
\t@pgf@tokb=\toks24
\t@pgf@tokc=\toks25
\pgf@sys@id@count=\count192
 (/usr/share/texlive/texmf-dist/tex/generic/pgf/systemlayer/pgf.cfg
File: pgf.cfg 2020/01/08 v3.1.5b (3.1.5b)
)
Driver file for pgf: pgfsys-pdftex.def
 (/usr/share/texlive/texmf-dist/tex/generic/pgf/systemlayer/pgfsys-pdftex.def
File: pgfsys-pdftex.def 2020/01/08 v3.1.5b (3.1.5b)
 (/usr/share/texlive/texmf-dist/tex/generic/pgf/systemlayer/pgfsys-common-pdf.def
File: pgfsys-common-pdf.def 2020/01/08 v3.1.5b (3.1.5b)
)))
(/usr/share/texlive/texmf-dist/tex/generic/pgf/systemlayer/pgfsyssoftpath.code.tex
File: pgfsyssoftpath.code.tex 2020/01/08 v3.1.5b (3.1.5b)
\pgfsyssoftpath@smallbuffer@items=\count193
\pgfsyssoftpath@bigbuffer@items=\count194
) (/usr/share/texlive/texmf-dist/tex/generic/pgf/systemlayer/pgfsysprotocol.code.tex
File: pgfsysprotocol.code.tex 2020/01/08 v3.1.5b (3.1.5b)
)) (/usr/share/texlive/texmf-dist/tex/generic/pgf/basiclayer/pgfcore.code.tex
Package: pgfcore 2020/01/08 v3.1.5b (3.1.5b)
 (/usr/share/texlive/texmf-dist/tex/generic/pgf/math/pgfmath.code.tex (/usr/share/texlive/texmf-dist/tex/generic/pgf/math/pgfmathcalc.code.tex (/usr/share/texlive/texmf-dist/tex/generic/pgf/math/pgfmathutil.code.tex) (/usr/share/texlive/texmf-dist/tex/generic/pgf/math/pgfmathparser.code.tex
\pgfmath@dimen=\dimen156
\pgfmath@count=\count195
\pgfmath@box=\box71
\pgfmath@toks=\toks26
\pgfmath@stack@operand=\toks27
\pgfmath@stack@operation=\toks28
) (/usr/share/texlive/texmf-dist/tex/generic/pgf/math/pgfmathfunctions.code.tex (/usr/share/texlive/texmf-dist/tex/generic/pgf/math/pgfmathfunctions.basic.code.tex) (/usr/share/texlive/texmf-dist/tex/generic/pgf/math/pgfmathfunctions.trigonometric.code.tex) (/usr/share/texlive/texmf-dist/tex/generic/pgf/math/pgfmathfunctions.random.code.tex) (/usr/share/texlive/texmf-dist/tex/generic/pgf/math/pgfmathfunctions.comparison.code.tex) (/usr/share/texlive/texmf-dist/tex/generic/pgf/math/pgfmathfunctions.base.code.tex) (/usr/share/texlive/texmf-dist/tex/generic/pgf/math/pgfmathfunctions.round.code.tex) (/usr/share/texlive/texmf-dist/tex/generic/pgf/math/pgfmathfunctions.misc.code.tex) (/usr/share/texlive/texmf-dist/tex/generic/pgf/math/pgfmathfunctions.integerarithmetics.code.tex))) (/usr/share/texlive/texmf-dist/tex/generic/pgf/math/pgfmathfloat.code.tex
\c@pgfmathroundto@lastzeros=\count196
)) (/usr/share/texlive/texmf-dist/tex/generic/pgf/math/pgfint.code.tex) (/usr/share/texlive/texmf-dist/tex/generic/pgf/basiclayer/pgfcorepoints.code.tex
File: pgfcorepoints.code.tex 2020/01/08 v3.1.5b (3.1.5b)
\pgf@picminx=\dimen157
\pgf@picmaxx=\dimen158
\pgf@picminy=\dimen159
\pgf@picmaxy=\dimen160
\pgf@pathminx=\dimen161
\pgf@pathmaxx=\dimen162
\pgf@pathminy=\dimen163
\pgf@pathmaxy=\dimen164
\pgf@xx=\dimen165
\pgf@xy=\dimen166
\pgf@yx=\dimen167
\pgf@yy=\dimen168
\pgf@zx=\dimen169
\pgf@zy=\dimen170
) (/usr/share/texlive/texmf-dist/tex/generic/pgf/basiclayer/pgfcorepathconstruct.code.tex
File: pgfcorepathconstruct.code.tex 2020/01/08 v3.1.5b (3.1.5b)
\pgf@path@lastx=\dimen171
\pgf@path@lasty=\dimen172
) (/usr/share/texlive/texmf-dist/tex/generic/pgf/basiclayer/pgfcorepathusage.code.tex
File: pgfcorepathusage.code.tex 2020/01/08 v3.1.5b (3.1.5b)
\pgf@shorten@end@additional=\dimen173
\pgf@shorten@start@additional=\dimen174
) (/usr/share/texlive/texmf-dist/tex/generic/pgf/basiclayer/pgfcorescopes.code.tex
File: pgfcorescopes.code.tex 2020/01/08 v3.1.5b (3.1.5b)
\pgfpic=\box72
\pgf@hbox=\box73
\pgf@layerbox@main=\box74
\pgf@picture@serial@count=\count197
) (/usr/share/texlive/texmf-dist/tex/generic/pgf/basiclayer/pgfcoregraphicstate.code.tex
File: pgfcoregraphicstate.code.tex 2020/01/08 v3.1.5b (3.1.5b)
\pgflinewidth=\dimen175
) (/usr/share/texlive/texmf-dist/tex/generic/pgf/basiclayer/pgfcoretransformations.code.tex
File: pgfcoretransformations.code.tex 2020/01/08 v3.1.5b (3.1.5b)
\pgf@pt@x=\dimen176
\pgf@pt@y=\dimen177
\pgf@pt@temp=\dimen178
)
(/usr/share/texlive/texmf-dist/tex/generic/pgf/basiclayer/pgfcorequick.code.tex
File: pgfcorequick.code.tex 2020/01/08 v3.1.5b (3.1.5b)
) (/usr/share/texlive/texmf-dist/tex/generic/pgf/basiclayer/pgfcoreobjects.code.tex
File: pgfcoreobjects.code.tex 2020/01/08 v3.1.5b (3.1.5b)
) (/usr/share/texlive/texmf-dist/tex/generic/pgf/basiclayer/pgfcorepathprocessing.code.tex
File: pgfcorepathprocessing.code.tex 2020/01/08 v3.1.5b (3.1.5b)
) (/usr/share/texlive/texmf-dist/tex/generic/pgf/basiclayer/pgfcorearrows.code.tex
File: pgfcorearrows.code.tex 2020/01/08 v3.1.5b (3.1.5b)
\pgfarrowsep=\dimen179
) (/usr/share/texlive/texmf-dist/tex/generic/pgf/basiclayer/pgfcoreshade.code.tex
File: pgfcoreshade.code.tex 2020/01/08 v3.1.5b (3.1.5b)
\pgf@max=\dimen180
\pgf@sys@shading@range@num=\count198
\pgf@shadingcount=\count199
) (/usr/share/texlive/texmf-dist/tex/generic/pgf/basiclayer/pgfcoreimage.code.tex
File: pgfcoreimage.code.tex 2020/01/08 v3.1.5b (3.1.5b)
 (/usr/share/texlive/texmf-dist/tex/generic/pgf/basiclayer/pgfcoreexternal.code.tex
File: pgfcoreexternal.code.tex 2020/01/08 v3.1.5b (3.1.5b)
\pgfexternal@startupbox=\box75
)) (/usr/share/texlive/texmf-dist/tex/generic/pgf/basiclayer/pgfcorelayers.code.tex
File: pgfcorelayers.code.tex 2020/01/08 v3.1.5b (3.1.5b)
) (/usr/share/texlive/texmf-dist/tex/generic/pgf/basiclayer/pgfcoretransparency.code.tex
File: pgfcoretransparency.code.tex 2020/01/08 v3.1.5b (3.1.5b)
) (/usr/share/texlive/texmf-dist/tex/generic/pgf/basiclayer/pgfcorepatterns.code.tex
File: pgfcorepatterns.code.tex 2020/01/08 v3.1.5b (3.1.5b)
) (/usr/share/texlive/texmf-dist/tex/generic/pgf/basiclayer/pgfcorerdf.code.tex
File: pgfcorerdf.code.tex 2020/01/08 v3.1.5b (3.1.5b)
))) (/usr/share/texlive/texmf-dist/tex/generic/pgf/modules/pgfmoduleshapes.code.tex
File: pgfmoduleshapes.code.tex 2020/01/08 v3.1.5b (3.1.5b)
\pgfnodeparttextbox=\box76
) (/usr/share/texlive/texmf-dist/tex/generic/pgf/modules/pgfmoduleplot.code.tex
File: pgfmoduleplot.code.tex 2020/01/08 v3.1.5b (3.1.5b)
) (/usr/share/texlive/texmf-dist/tex/latex/pgf/compatibility/pgfcomp-version-0-65.sty
Package: pgfcomp-version-0-65 2020/01/08 v3.1.5b (3.1.5b)
\pgf@nodesepstart=\dimen181
\pgf@nodesepend=\dimen182
) (/usr/share/texlive/texmf-dist/tex/latex/pgf/compatibility/pgfcomp-version-1-18.sty
Package: pgfcomp-version-1-18 2020/01/08 v3.1.5b (3.1.5b)
)) (/usr/share/texlive/texmf-dist/tex/latex/pgf/utilities/pgffor.sty (/usr/share/texlive/texmf-dist/tex/latex/pgf/utilities/pgfkeys.sty (/usr/share/texlive/texmf-dist/tex/generic/pgf/utilities/pgfkeys.code.tex)) (/usr/share/texlive/texmf-dist/tex/latex/pgf/math/pgfmath.sty (/usr/share/texlive/texmf-dist/tex/generic/pgf/math/pgfmath.code.tex)) (/usr/share/texlive/texmf-dist/tex/generic/pgf/utilities/pgffor.code.tex
Package: pgffor 2020/01/08 v3.1.5b (3.1.5b)
 (/usr/share/texlive/texmf-dist/tex/generic/pgf/math/pgfmath.code.tex)
\pgffor@iter=\dimen183
\pgffor@skip=\dimen184
\pgffor@stack=\toks29
\pgffor@toks=\toks30
)) (/usr/share/texlive/texmf-dist/tex/generic/pgf/frontendlayer/tikz/tikz.code.tex
Package: tikz 2020/01/08 v3.1.5b (3.1.5b)
 (/usr/share/texlive/texmf-dist/tex/generic/pgf/libraries/pgflibraryplothandlers.code.tex
File: pgflibraryplothandlers.code.tex 2020/01/08 v3.1.5b (3.1.5b)
\pgf@plot@mark@count=\count266
\pgfplotmarksize=\dimen185
)
\tikz@lastx=\dimen186
\tikz@lasty=\dimen187
\tikz@lastxsaved=\dimen188
\tikz@lastysaved=\dimen189
\tikz@lastmovetox=\dimen190
\tikz@lastmovetoy=\dimen191
\tikzleveldistance=\dimen192
\tikzsiblingdistance=\dimen193
\tikz@figbox=\box77
\tikz@figbox@bg=\box78
\tikz@tempbox=\box79
\tikz@tempbox@bg=\box80
\tikztreelevel=\count267
\tikznumberofchildren=\count268
\tikznumberofcurrentchild=\count269
\tikz@fig@count=\count270
 (/usr/share/texlive/texmf-dist/tex/generic/pgf/modules/pgfmodulematrix.code.tex
File: pgfmodulematrix.code.tex 2020/01/08 v3.1.5b (3.1.5b)
\pgfmatrixcurrentrow=\count271
\pgfmatrixcurrentcolumn=\count272
\pgf@matrix@numberofcolumns=\count273
)
\tikz@expandcount=\count274

(/usr/share/texlive/texmf-dist/tex/generic/pgf/frontendlayer/tikz/libraries/tikzlibrarytopaths.code.tex
File: tikzlibrarytopaths.code.tex 2020/01/08 v3.1.5b (3.1.5b)
))) (/usr/share/texlive/texmf-dist/tex/generic/pgf/frontendlayer/tikz/libraries/tikzlibraryshapes.code.tex
File: tikzlibraryshapes.code.tex 2020/01/08 v3.1.5b (3.1.5b)
 (/usr/share/texlive/texmf-dist/tex/generic/pgf/frontendlayer/tikz/libraries/tikzlibraryshapes.geometric.code.tex
File: tikzlibraryshapes.geometric.code.tex 2020/01/08 v3.1.5b (3.1.5b)
 (/usr/share/texlive/texmf-dist/tex/generic/pgf/libraries/shapes/pgflibraryshapes.geometric.code.tex
File: pgflibraryshapes.geometric.code.tex 2020/01/08 v3.1.5b (3.1.5b)
)) (/usr/share/texlive/texmf-dist/tex/generic/pgf/frontendlayer/tikz/libraries/tikzlibraryshapes.misc.code.tex
File: tikzlibraryshapes.misc.code.tex 2020/01/08 v3.1.5b (3.1.5b)
 (/usr/share/texlive/texmf-dist/tex/generic/pgf/libraries/shapes/pgflibraryshapes.misc.code.tex
File: pgflibraryshapes.misc.code.tex 2020/01/08 v3.1.5b (3.1.5b)
)) (/usr/share/texlive/texmf-dist/tex/generic/pgf/frontendlayer/tikz/libraries/tikzlibraryshapes.symbols.code.tex
File: tikzlibraryshapes.symbols.code.tex 2020/01/08 v3.1.5b (3.1.5b)
 (/usr/share/texlive/texmf-dist/tex/generic/pgf/libraries/shapes/pgflibraryshapes.symbols.code.tex
File: pgflibraryshapes.symbols.code.tex 2020/01/08 v3.1.5b (3.1.5b)
)) (/usr/share/texlive/texmf-dist/tex/generic/pgf/frontendlayer/tikz/libraries/tikzlibraryshapes.arrows.code.tex
File: tikzlibraryshapes.arrows.code.tex 2020/01/08 v3.1.5b (3.1.5b)
 (/usr/share/texlive/texmf-dist/tex/generic/pgf/libraries/shapes/pgflibraryshapes.arrows.code.tex
File: pgflibraryshapes.arrows.code.tex 2020/01/08 v3.1.5b (3.1.5b)
)) (/usr/share/texlive/texmf-dist/tex/generic/pgf/frontendlayer/tikz/libraries/tikzlibraryshapes.callouts.code.tex (/usr/share/texlive/texmf-dist/tex/generic/pgf/libraries/shapes/pgflibraryshapes.callouts.code.tex)) (/usr/share/texlive/texmf-dist/tex/generic/pgf/frontendlayer/tikz/libraries/tikzlibraryshapes.multipart.code.tex
File: tikzlibraryshapes.multipart.code.tex 2020/01/08 v3.1.5b (3.1.5b)
 (/usr/share/texlive/texmf-dist/tex/generic/pgf/libraries/shapes/pgflibraryshapes.multipart.code.tex
File: pgflibraryshapes.multipart.code.tex 2020/01/08 v3.1.5b (3.1.5b)
\pgfnodepartlowerbox=\box81
\pgfnodeparttwobox=\box82
\pgfnodepartthreebox=\box83
\pgfnodepartfourbox=\box84
\pgfnodeparttwentybox=\box85
\pgfnodepartnineteenbox=\box86
\pgfnodeparteighteenbox=\box87
\pgfnodepartseventeenbox=\box88
\pgfnodepartsixteenbox=\box89
\pgfnodepartfifteenbox=\box90
\pgfnodepartfourteenbox=\box91
\pgfnodepartthirteenbox=\box92
\pgfnodeparttwelvebox=\box93
\pgfnodepartelevenbox=\box94
\pgfnodeparttenbox=\box95
\pgfnodepartninebox=\box96
\pgfnodeparteightbox=\box97
\pgfnodepartsevenbox=\box98
\pgfnodepartsixbox=\box99
\pgfnodepartfivebox=\box100
))) (/usr/share/texlive/texmf-dist/tex/generic/pgf/frontendlayer/tikz/libraries/tikzlibraryfit.code.tex
File: tikzlibraryfit.code.tex 2020/01/08 v3.1.5b (3.1.5b)
) (/usr/share/texlive/texmf-dist/tex/generic/pgf/frontendlayer/tikz/libraries/tikzlibrarycalc.code.tex
File: tikzlibrarycalc.code.tex 2020/01/08 v3.1.5b (3.1.5b)
) (/usr/share/texlive/texmf-dist/tex/generic/pgf/libraries/pgflibraryintersections.code.tex (/usr/share/texlive/texmf-dist/tex/generic/pgf/libraries/pgflibraryfpu.code.tex)
\pgf@intersect@solutions=\count275
) (/usr/share/texlive/texmf-dist/tex/latex/pgfopts/pgfopts.sty
Package: pgfopts 2014/07/10 v2.1a LaTeX package options with pgfkeys
\pgfopts@list@add@a@toks=\toks31
\pgfopts@list@add@b@toks=\toks32
) (/usr/share/texlive/texmf-dist/tex/latex/etoolbox/etoolbox.sty
Package: etoolbox 2019/09/21 v2.5h e-TeX tools for LaTeX (JAW)
\etb@tempcnta=\count276
)
(/usr/share/texlive/texmf-dist/tex/latex/elocalloc/elocalloc.sty
Package: elocalloc 2016/12/15 v0.03 local allocation for LaTeX 2015+ (DPC)
) (/usr/share/texlive/texmf-dist/tex/latex/environ/environ.sty
Package: environ 2014/05/04 v0.3 A new way to define environments
 (/usr/share/texlive/texmf-dist/tex/latex/trimspaces/trimspaces.sty
Package: trimspaces 2009/09/17 v1.1 Trim spaces around a token list
)
\@envbody=\toks33
) (/usr/share/texlive/texmf-dist/tex/latex/l3packages/xparse/xparse.sty (/usr/share/texlive/texmf-dist/tex/latex/l3kernel/expl3.sty
Package: expl3 2020-02-14 L3 programming layer (loader) 
 (/usr/share/texlive/texmf-dist/tex/latex/l3backend/l3backend-pdfmode.def
File: l3backend-pdfmode.def 2020-02-03 L3 backend support: PDF mode
\l__kernel_color_stack_int=\count277
\l__pdf_internal_box=\box101
))
Package: xparse 2020-02-14 L3 Experimental document command parser
\l__xparse_current_arg_int=\count278
\g__xparse_grabber_int=\count279
\l__xparse_m_args_int=\count280
\l__xparse_v_nesting_int=\count281
) (/usr/share/texlive/texmf-dist/tex/latex/inlinedef/inlinedef.sty
Package: inlinedef 2008/07/10 v1.0 Inlined expansions within definitions
\ID@toks=\toks34
\ID@count=\count282
)
\ID@usercommands=\toks35
\safeloop@depth=\count283
\safeRKloop@depth=\count284
\forest@temp@dimen=\dimen194
\forest@temp@count=\count285
\forest@n=\count286
\forest@temp@global@count=\count287
\forest@temp@toks=\toks36
\forest@temparray@M=\count288
\forest@temparray@N=\count289
\forest@global@temparray@M=\count290
\forest@global@temparray@N=\count291
\forest@isnum@count=\count292
\forest@isdim@nonintpart=\count293
\forest@isdim@dimen=\dimen195
\forest@sort@m=\count294
\forest@sort@k=\count295
\forest@sort@p=\count296
\bracket@content=\toks37
\bracket@afterthought=\toks38
\forest@node@maxid=\count297
\forest@process@left@M=\count298
\forest@process@left@N=\count299
\forest@process@right@M=\count300
\forest@process@right@N=\count301
\forest@process@saved@M=\count302
\forest@process@saved@N=\count303
\forest@process@result@M=\count304
\forest@process@result@N=\count305
\forest@process@n=\count306
\forest@nodewalk@branch@toks=\toks39
\forest@nodewalk@shortsteps@resolution=\toks40
\forest@do@dynamics=\toks41
\forest@box=\box102
\forest@xg=\dimen196
\forest@yg=\dimen197
\forest@xs=\dimen198
\forest@ys=\dimen199
\forest@pi@toks=\toks42
\forest@segment@toks=\toks43
\forest@PIi@toks=\toks44
\forest@PIii@toks=\toks45
\forest@copy@in=\read3
\forest@copy@out=\write4
\forest@externalize@max@outer@n=\count307
\forest@externalize@inner@n=\count308
) (/usr/share/texlive/texmf-dist/tex/latex/tools/multicol.sty
Package: multicol 2019/12/09 v1.8y multicolumn formatting (FMi)
\c@tracingmulticols=\count309
\mult@box=\box103
\multicol@leftmargin=\dimen256
\c@unbalance=\count310
\c@collectmore=\count311
\doublecol@number=\count312
\multicoltolerance=\count313
\multicolpretolerance=\count314
\full@width=\dimen257
\page@free=\dimen258
\premulticols=\dimen259
\postmulticols=\dimen260
\multicolsep=\skip123
\multicolbaselineskip=\skip124
\partial@page=\box104
\last@line=\box105
\maxbalancingoverflow=\dimen261
\mult@rightbox=\box106
\mult@grightbox=\box107
\mult@gfirstbox=\box108
\mult@firstbox=\box109
\@tempa=\box110
\@tempa=\box111
\@tempa=\box112
\@tempa=\box113
\@tempa=\box114
\@tempa=\box115
\@tempa=\box116
\@tempa=\box117
\@tempa=\box118
\@tempa=\box119
\@tempa=\box120
\@tempa=\box121
\@tempa=\box122
\@tempa=\box123
\@tempa=\box124
\@tempa=\box125
\@tempa=\box126
\@tempa=\box127
\@tempa=\box128
\@tempa=\box129
\@tempa=\box130
\@tempa=\box131
\@tempa=\box132
\@tempa=\box133
\@tempa=\box134
\@tempa=\box135
\@tempa=\box136
\@tempa=\box137
\@tempa=\box138
\@tempa=\box139
\@tempa=\box140
\@tempa=\box141
\@tempa=\box142
\@tempa=\box143
\@tempa=\box144
\@tempa=\box145
\@tempa=\box146
\c@minrows=\count315
\c@columnbadness=\count316
\c@finalcolumnbadness=\count317
\last@try=\dimen262
\multicolovershoot=\dimen263
\multicolundershoot=\dimen264
\mult@nat@firstbox=\box147
\colbreak@box=\box148
\mc@col@check@num=\count318
) (/usr/share/texlive/texmf-dist/tex/latex/parskip/parskip.sty
Package: parskip 2020-01-22 v2.0d non-zero parskip adjustments
 (/usr/share/texlive/texmf-dist/tex/latex/kvoptions/kvoptions.sty
Package: kvoptions 2019/11/29 v3.13 Key value format for package options (HO)
 (/usr/share/texlive/texmf-dist/tex/generic/ltxcmds/ltxcmds.sty
Package: ltxcmds 2019/12/15 v1.24 LaTeX kernel commands for general use (HO)
) (/usr/share/texlive/texmf-dist/tex/generic/kvsetkeys/kvsetkeys.sty
Package: kvsetkeys 2019/12/15 v1.18 Key value parser (HO)
))) (/usr/share/texlive/texmf-dist/tex/latex/changepage/changepage.sty
Package: changepage 2009/10/20 v1.0c check page and change page layout
\c@cp@cntr=\count319
\cp@tempcnt=\count320
) (/usr/share/texlive/texmf-dist/tex/latex/base/fontenc.sty
Package: fontenc 2020/02/11 v2.0o Standard LaTeX package
) (/usr/share/texlive/texmf-dist/tex/latex/amsmath/amsmath.sty
Package: amsmath 2020/01/20 v2.17e AMS math features
\@mathmargin=\skip125

For additional information on amsmath, use the `?' option.
(/usr/share/texlive/texmf-dist/tex/latex/amsmath/amstext.sty
Package: amstext 2000/06/29 v2.01 AMS text
 (/usr/share/texlive/texmf-dist/tex/latex/amsmath/amsgen.sty
File: amsgen.sty 1999/11/30 v2.0 generic functions
\@emptytoks=\toks46
\ex@=\dimen265
)) (/usr/share/texlive/texmf-dist/tex/latex/amsmath/amsbsy.sty
Package: amsbsy 1999/11/29 v1.2d Bold Symbols
\pmbraise@=\dimen266
) (/usr/share/texlive/texmf-dist/tex/latex/amsmath/amsopn.sty
Package: amsopn 2016/03/08 v2.02 operator names
)
\inf@bad=\count321
LaTeX Info: Redefining \frac on input line 227.
\uproot@=\count322
\leftroot@=\count323
LaTeX Info: Redefining \overline on input line 389.
\classnum@=\count324
\DOTSCASE@=\count325
LaTeX Info: Redefining \ldots on input line 486.
LaTeX Info: Redefining \dots on input line 489.
LaTeX Info: Redefining \cdots on input line 610.
\Mathstrutbox@=\box149
\strutbox@=\box150
\big@size=\dimen267
LaTeX Font Info:    Redeclaring font encoding OML on input line 733.
LaTeX Font Info:    Redeclaring font encoding OMS on input line 734.
\macc@depth=\count326
\c@MaxMatrixCols=\count327
\dotsspace@=\muskip16
\c@parentequation=\count328
\dspbrk@lvl=\count329
\tag@help=\toks47
\row@=\count330
\column@=\count331
\maxfields@=\count332
\andhelp@=\toks48
\eqnshift@=\dimen268
\alignsep@=\dimen269
\tagshift@=\dimen270
\tagwidth@=\dimen271
\totwidth@=\dimen272
\lineht@=\dimen273
\@envbody=\toks49
\multlinegap=\skip126
\multlinetaggap=\skip127
\mathdisplay@stack=\toks50
LaTeX Info: Redefining \[ on input line 2859.
LaTeX Info: Redefining \] on input line 2860.
) (/usr/share/texlive/texmf-dist/tex/latex/hyperref/hyperref.sty
Package: hyperref 2020/01/14 v7.00d Hypertext links for LaTeX
 (/usr/share/texlive/texmf-dist/tex/generic/iftex/iftex.sty
Package: iftex 2019/11/07 v1.0c TeX engine tests
) (/usr/share/texlive/texmf-dist/tex/latex/pdftexcmds/pdftexcmds.sty
Package: pdftexcmds 2019/11/24 v0.31 Utility functions of pdfTeX for LuaTeX (HO)
 (/usr/share/texlive/texmf-dist/tex/generic/infwarerr/infwarerr.sty
Package: infwarerr 2019/12/03 v1.5 Providing info/warning/error messages (HO)
)
Package pdftexcmds Info: \pdf@primitive is available.
Package pdftexcmds Info: \pdf@ifprimitive is available.
Package pdftexcmds Info: \pdfdraftmode found.
) (/usr/share/texlive/texmf-dist/tex/generic/kvdefinekeys/kvdefinekeys.sty
Package: kvdefinekeys 2019-12-19 v1.6 Define keys (HO)
) (/usr/share/texlive/texmf-dist/tex/generic/pdfescape/pdfescape.sty
Package: pdfescape 2019/12/09 v1.15 Implements pdfTeX's escape features (HO)
) (/usr/share/texlive/texmf-dist/tex/latex/hycolor/hycolor.sty
Package: hycolor 2020-01-27 v1.10 Color options for hyperref/bookmark (HO)
) (/usr/share/texlive/texmf-dist/tex/latex/letltxmacro/letltxmacro.sty
Package: letltxmacro 2019/12/03 v1.6 Let assignment for LaTeX macros (HO)
) (/usr/share/texlive/texmf-dist/tex/latex/auxhook/auxhook.sty
Package: auxhook 2019-12-17 v1.6 Hooks for auxiliary files (HO)
)
\@linkdim=\dimen274
\Hy@linkcounter=\count333
\Hy@pagecounter=\count334
 (/usr/share/texlive/texmf-dist/tex/latex/hyperref/pd1enc.def
File: pd1enc.def 2020/01/14 v7.00d Hyperref: PDFDocEncoding definition (HO)
Now handling font encoding PD1 ...
... no UTF-8 mapping file for font encoding PD1
) (/usr/share/texlive/texmf-dist/tex/generic/intcalc/intcalc.sty
Package: intcalc 2019/12/15 v1.3 Expandable calculations with integers (HO)
) (/usr/share/texlive/texmf-dist/tex/generic/etexcmds/etexcmds.sty
Package: etexcmds 2019/12/15 v1.7 Avoid name clashes with e-TeX commands (HO)
)
\Hy@SavedSpaceFactor=\count335
\pdfmajorversion=\count336
Package hyperref Info: Hyper figures OFF on input line 4547.
Package hyperref Info: Link nesting OFF on input line 4552.
Package hyperref Info: Hyper index ON on input line 4555.
Package hyperref Info: Plain pages OFF on input line 4562.
Package hyperref Info: Backreferencing OFF on input line 4567.
Package hyperref Info: Implicit mode ON; LaTeX internals redefined.
Package hyperref Info: Bookmarks ON on input line 4800.
\c@Hy@tempcnt=\count337
 (/usr/share/texlive/texmf-dist/tex/latex/url/url.sty
\Urlmuskip=\muskip17
Package: url 2013/09/16  ver 3.4  Verb mode for urls, etc.
)
LaTeX Info: Redefining \url on input line 5159.
\XeTeXLinkMargin=\dimen275
 (/usr/share/texlive/texmf-dist/tex/generic/bitset/bitset.sty
Package: bitset 2019/12/09 v1.3 Handle bit-vector datatype (HO)
 (/usr/share/texlive/texmf-dist/tex/generic/bigintcalc/bigintcalc.sty
Package: bigintcalc 2019/12/15 v1.5 Expandable calculations on big integers (HO)
))
\Fld@menulength=\count338
\Field@Width=\dimen276
\Fld@charsize=\dimen277
Package hyperref Info: Hyper figures OFF on input line 6430.
Package hyperref Info: Link nesting OFF on input line 6435.
Package hyperref Info: Hyper index ON on input line 6438.
Package hyperref Info: backreferencing OFF on input line 6445.
Package hyperref Info: Link coloring OFF on input line 6450.
Package hyperref Info: Link coloring with OCG OFF on input line 6455.
Package hyperref Info: PDF/A mode OFF on input line 6460.
LaTeX Info: Redefining \ref on input line 6500.
LaTeX Info: Redefining \pageref on input line 6504.
 (/usr/share/texlive/texmf-dist/tex/generic/atbegshi/atbegshi.sty
Package: atbegshi 2019/12/05 v1.19 At begin shipout hook (HO)
)
\Hy@abspage=\count339
\c@Item=\count340
\c@Hfootnote=\count341
)
Package hyperref Info: Driver (autodetected): hpdftex.
 (/usr/share/texlive/texmf-dist/tex/latex/hyperref/hpdftex.def
File: hpdftex.def 2020/01/14 v7.00d Hyperref driver for pdfTeX
 (/usr/share/texlive/texmf-dist/tex/latex/atveryend/atveryend.sty
Package: atveryend 2019-12-11 v1.11 Hooks at the very end of document (HO)
)
\Fld@listcount=\count342
\c@bookmark@seq@number=\count343
 (/usr/share/texlive/texmf-dist/tex/latex/rerunfilecheck/rerunfilecheck.sty
Package: rerunfilecheck 2019/12/05 v1.9 Rerun checks for auxiliary files (HO)
 (/usr/share/texlive/texmf-dist/tex/generic/uniquecounter/uniquecounter.sty
Package: uniquecounter 2019/12/15 v1.4 Provide unlimited unique counter (HO)
)
Package uniquecounter Info: New unique counter `rerunfilecheck' on input line 286.
)
\Hy@SectionHShift=\skip128
) (/usr/share/texlive/texmf-dist/tex/latex/amscls/amsthm.sty
Package: amsthm 2017/10/31 v2.20.4
\thm@style=\toks51
\thm@bodyfont=\toks52
\thm@headfont=\toks53
\thm@notefont=\toks54
\thm@headpunct=\toks55
\thm@preskip=\skip129
\thm@postskip=\skip130
\thm@headsep=\skip131
\dth@everypar=\toks56
) (/usr/share/texlive/texmf-dist/tex/latex/amsfonts/amssymb.sty
Package: amssymb 2013/01/14 v3.01 AMS font symbols
 (/usr/share/texlive/texmf-dist/tex/latex/amsfonts/amsfonts.sty
Package: amsfonts 2013/01/14 v3.01 Basic AMSFonts support
\symAMSa=\mathgroup4
\symAMSb=\mathgroup5
LaTeX Font Info:    Redeclaring math symbol \hbar on input line 98.
LaTeX Font Info:    Overwriting math alphabet `\mathfrak' in version `bold'
(Font)                  U/euf/m/n --> U/euf/b/n on input line 106.
)) (/usr/share/texlive/texmf-dist/tex/latex/float/float.sty
Package: float 2001/11/08 v1.3d Float enhancements (AL)
\c@float@type=\count344
\float@exts=\toks57
\float@box=\box151
\@float@everytoks=\toks58
\@floatcapt=\box152
) (/usr/share/texlive/texmf-dist/tex/latex/base/inputenc.sty
Package: inputenc 2018/08/11 v1.3c Input encoding file
\inpenc@prehook=\toks59
\inpenc@posthook=\toks60
) (/usr/share/texlive/texmf-dist/tex/generic/babel/babel.sty
Package: babel 2020/02/14 3.40 The Babel package
 (/usr/share/texlive/texmf-dist/tex/generic/babel/switch.def
File: switch.def 2020/02/14 3.40 Babel switching mechanism
)
(/usr/share/texlive/texmf-dist/tex/generic/babel-italian/italian.ldf
Language: italian 2019/11/16 v.1.4.03 Italian support for the babel system
 (/usr/share/texlive/texmf-dist/tex/generic/babel/babel.def
File: babel.def 2020/02/14 3.40 Babel common definitions
\babel@savecnt=\count345
\U@D=\dimen278
 (/usr/share/texlive/texmf-dist/tex/generic/babel/txtbabel.def)
\bbl@readstream=\read4
\bbl@dirlevel=\count346
)
\it@lettering=\count347
\it@doublequoteactive=\count348
\it@ISOcompliance=\count349
)) (/usr/share/texlive/texmf-dist/tex/latex/thmtools/thmtools.sty
Package: thmtools 2019/12/22 v68
\thmt@toks=\toks61
\c@thmt@dummyctr=\count350
 (/usr/share/texlive/texmf-dist/tex/latex/thmtools/thm-patch.sty
Package: thm-patch 2019/12/22 v68
 (/usr/share/texlive/texmf-dist/tex/latex/thmtools/parseargs.sty
Package: parseargs 2019/12/22 v68
\@parsespec=\toks62
)) (/usr/share/texlive/texmf-dist/tex/latex/thmtools/thm-kv.sty
Package: thm-kv 2019/12/22 v68
Package thm-kv Info: Theorem names will be uppercased on input line 39.
Package thm-kv Info: kvsetkeys patch (v1.16 or later) on input line 155.
) (/usr/share/texlive/texmf-dist/tex/latex/thmtools/thm-autoref.sty
Package: thm-autoref 2019/12/22 v68
 (/usr/share/texlive/texmf-dist/tex/latex/thmtools/aliasctr.sty
Package: aliasctr 2019/12/22 v68
)) (/usr/share/texlive/texmf-dist/tex/latex/thmtools/thm-listof.sty
Package: thm-listof 2019/12/22 v68
) (/usr/share/texlive/texmf-dist/tex/latex/thmtools/thm-restate.sty
Package: thm-restate 2019/12/22 v68
) (/usr/share/texlive/texmf-dist/tex/latex/thmtools/thm-amsthm.sty
Package: thm-amsthm 2019/12/22 v68
\thmt@style@headstyle=\toks63
))
\c@example=\count351
 (./risposte.aux)
\openout1 = `risposte.aux'.

LaTeX Font Info:    Checking defaults for OML/cmm/m/it on input line 28.
LaTeX Font Info:    ... okay on input line 28.
LaTeX Font Info:    Checking defaults for OMS/cmsy/m/n on input line 28.
LaTeX Font Info:    ... okay on input line 28.
LaTeX Font Info:    Checking defaults for OT1/cmr/m/n on input line 28.
LaTeX Font Info:    ... okay on input line 28.
LaTeX Font Info:    Checking defaults for T1/cmr/m/n on input line 28.
LaTeX Font Info:    ... okay on input line 28.
LaTeX Font Info:    Checking defaults for TS1/cmr/m/n on input line 28.
LaTeX Font Info:    ... okay on input line 28.
LaTeX Font Info:    Checking defaults for OMX/cmex/m/n on input line 28.
LaTeX Font Info:    ... okay on input line 28.
LaTeX Font Info:    Checking defaults for U/cmr/m/n on input line 28.
LaTeX Font Info:    ... okay on input line 28.
LaTeX Font Info:    Checking defaults for PD1/pdf/m/n on input line 28.
LaTeX Font Info:    ... okay on input line 28.
\c@lstlisting=\count352
 (/usr/share/texlive/texmf-dist/tex/context/base/mkii/supp-pdf.mkii
[Loading MPS to PDF converter (version 2006.09.02).]
\scratchcounter=\count353
\scratchdimen=\dimen279
\scratchbox=\box153
\nofMPsegments=\count354
\nofMParguments=\count355
\everyMPshowfont=\toks64
\MPscratchCnt=\count356
\MPscratchDim=\dimen280
\MPnumerator=\count357
\makeMPintoPDFobject=\count358
\everyMPtoPDFconversion=\toks65
) (/usr/share/texlive/texmf-dist/tex/latex/epstopdf-pkg/epstopdf-base.sty
Package: epstopdf-base 2020-01-24 v2.11 Base part for package epstopdf
Package epstopdf-base Info: Redefining graphics rule for `.eps' on input line 485.
 (/usr/share/texlive/texmf-dist/tex/latex/latexconfig/epstopdf-sys.cfg
File: epstopdf-sys.cfg 2010/07/13 v1.3 Configuration of (r)epstopdf for TeX Live
)) ABD: EveryShipout initializing macros
\AtBeginShipoutBox=\box154
Package hyperref Info: Link coloring OFF on input line 28.
 (/usr/share/texlive/texmf-dist/tex/latex/hyperref/nameref.sty
Package: nameref 2019/09/16 v2.46 Cross-referencing by name of section
 (/usr/share/texlive/texmf-dist/tex/latex/refcount/refcount.sty
Package: refcount 2019/12/15 v3.6 Data extraction from label references (HO)
) (/usr/share/texlive/texmf-dist/tex/generic/gettitlestring/gettitlestring.sty
Package: gettitlestring 2019/12/15 v1.6 Cleanup title references (HO)
)
\c@section@level=\count359
)
LaTeX Info: Redefining \ref on input line 28.
LaTeX Info: Redefining \pageref on input line 28.
LaTeX Info: Redefining \nameref on input line 28.
 (./risposte.out) (./risposte.out)
\@outlinefile=\write5
\openout5 = `risposte.out'.

LaTeX Info: Redefining \it@ocap on input line 28.
LaTeX Info: Redefining \it@ccap on input line 28.
LaTeX Font Info:    Trying to load font information for U+msa on input line 33.
 (/usr/share/texlive/texmf-dist/tex/latex/amsfonts/umsa.fd
File: umsa.fd 2013/01/14 v3.01 AMS symbols A
)
LaTeX Font Info:    Trying to load font information for U+msb on input line 33.
 (/usr/share/texlive/texmf-dist/tex/latex/amsfonts/umsb.fd
File: umsb.fd 2013/01/14 v3.01 AMS symbols B
) (./risposte.toc [1

{/var/lib/texmf/fonts/map/pdftex/updmap/pdftex.map}])
\tf@toc=\write6
\openout6 = `risposte.toc'.

<./img/A1.png, id=234, 1418.29875pt x 717.68124pt>
File: ./img/A1.png Graphic file (type png)
<use ./img/A1.png>
Package pdftex.def Info: ./img/A1.png  used on input line 38.
(pdftex.def)             Requested size: 345.0pt x 174.5686pt.
 [2 <./img/A1.png>]
<./img/A1_2.png, id=247, 466.74374pt x 338.26375pt>
File: ./img/A1_2.png Graphic file (type png)
<use ./img/A1_2.png>
Package pdftex.def Info: ./img/A1_2.png  used on input line 62.
(pdftex.def)             Requested size: 233.37129pt x 169.13145pt.
 [3pdfTeX warning (ext4): destination with the same identifier (name{figure.1}) has been already used, duplicate ignored

\@EveryShipout@Output ...@Org@Shipout \box \@cclv 
                                                  
l.69 D
      efinizione formale di una permutazione (definizione ricorsiva): <./img/A1_2.png>]
<./img/permutazione_ricorsiva.png, id=255, 514.92375pt x 126.4725pt>
File: ./img/permutazione_ricorsiva.png Graphic file (type png)
<use ./img/permutazione_ricorsiva.png>
Package pdftex.def Info: ./img/permutazione_ricorsiva.png  used on input line 72.
(pdftex.def)             Requested size: 241.49895pt x 59.31471pt.
Package hyperref Info: bookmark level for unknown theorem defaults to 0 on input line 81.
 [4pdfTeX warning (ext4): destination with the same identifier (name{figure.2}) has been already used, duplicate ignored

\@EveryShipout@Output ...@Org@Shipout \box \@cclv 
                                                  
l.104 \end{dimostrazione}
                          <./img/permutazione_ricorsiva.png>]
<./img/A3_distribute.png, id=266, 566.115pt x 74.2775pt>
File: ./img/A3_distribute.png Graphic file (type png)
<use ./img/A3_distribute.png>
Package pdftex.def Info: ./img/A3_distribute.png  used on input line 126.
(pdftex.def)             Requested size: 345.0pt x 45.26726pt.
 [5pdfTeX warning (ext4): destination with the same identifier (name{figure.3}) has been already used, duplicate ignored

\@EveryShipout@Output ...@Org@Shipout \box \@cclv 
                                                  
l.133 ...n(permutation \; [h::t]) = len([h::t])!$$
                                                   <./img/A3_distribute.png>]
<./img/A4.png, id=274, 1217.54875pt x 446.66875pt>
File: ./img/A4.png Graphic file (type png)
<use ./img/A4.png>
Package pdftex.def Info: ./img/A4.png  used on input line 140.
(pdftex.def)             Requested size: 345.0pt x 126.56583pt.
 [6 <./img/A4.png>] (/usr/share/texlive/texmf-dist/tex/latex/listings/lstlang1.sty
File: lstlang1.sty 2019/09/10 1.8c listings language file
) [7] [8]
<./img/B2_colorazione.png, id=305, 592.2125pt x 142.5325pt>
File: ./img/B2_colorazione.png Graphic file (type png)
<use ./img/B2_colorazione.png>
Package pdftex.def Info: ./img/B2_colorazione.png  used on input line 217.
(pdftex.def)             Requested size: 345.0pt x 83.03644pt.

Underfull \hbox (badness 10000) in paragraph at lines 210--220

 []

[9pdfTeX warning (ext4): destination with the same identifier (name{figure.4}) has been already used, duplicate ignored

\@EveryShipout@Output ...@Org@Shipout \box \@cclv 
                                                  
l.223 	\begin{enumerate}
                         <./img/B2_colorazione.png>]
<./img/B3_recursive.png, id=312, 415.5525pt x 335.2525pt>
File: ./img/B3_recursive.png Graphic file (type png)
<use ./img/B3_recursive.png>
Package pdftex.def Info: ./img/B3_recursive.png  used on input line 236.
(pdftex.def)             Requested size: 293.2521pt x 236.59348pt.
<./img/B3_iterative.png, id=313, 423.5825pt x 346.29375pt>
File: ./img/B3_iterative.png Graphic file (type png)
<use ./img/B3_iterative.png>
Package pdftex.def Info: ./img/B3_iterative.png  used on input line 236.
(pdftex.def)             Requested size: 293.2521pt x 239.75139pt.
 [10pdfTeX warning (ext4): destination with the same identifier (name{figure.5}) has been already used, duplicate ignored

\@EveryShipout@Output ...@Org@Shipout \box \@cclv 
                                                  
l.244 \begin{itemize}
                      <./img/B3_recursive.png> <./img/B3_iterative.png>]
<./img/C_1.png, id=324, 883.3pt x 410.53375pt>
File: ./img/C_1.png Graphic file (type png)
<use ./img/C_1.png>
Package pdftex.def Info: ./img/C_1.png  used on input line 269.
(pdftex.def)             Requested size: 241.49895pt x 112.23625pt.
<./img/C_1_DFS.png, id=326, 876.27374pt x 305.14pt>
File: ./img/C_1_DFS.png Graphic file (type png)
<use ./img/C_1_DFS.png>
Package pdftex.def Info: ./img/C_1_DFS.png  used on input line 277.
(pdftex.def)             Requested size: 345.0pt x 120.14018pt.
<./img/C_1_BFS.png, id=327, 942.52126pt x 238.8925pt>
File: ./img/C_1_BFS.png Graphic file (type png)
<use ./img/C_1_BFS.png>
Package pdftex.def Info: ./img/C_1_BFS.png  used on input line 284.
(pdftex.def)             Requested size: 345.0pt x 87.44472pt.
 [11]
Underfull \hbox (badness 10000) in paragraph at lines 289--290

 []

[12pdfTeX warning (ext4): destination with the same identifier (name{figure.6}) has been already used, duplicate ignored

\@EveryShipout@Output ...@Org@Shipout \box \@cclv 
                                                  
l.290 
      pdfTeX warning (ext4): destination with the same identifier (name{figure.7}) has been already used, duplicate ignored

\@EveryShipout@Output ...@Org@Shipout \box \@cclv 
                                                  
l.290 
       <./img/C_1.png> <./img/C_1_DFS.png>]
<./img/C_2.png, id=342, 816.04875pt x 431.6125pt>
File: ./img/C_2.png Graphic file (type png)
<use ./img/C_2.png>
Package pdftex.def Info: ./img/C_2.png  used on input line 293.
(pdftex.def)             Requested size: 345.0pt x 182.47464pt.
<./img/C_2_DFS.png, id=344, 997.7275pt x 551.05875pt>
File: ./img/C_2_DFS.png Graphic file (type png)
<use ./img/C_2_DFS.png>
Package pdftex.def Info: ./img/C_2_DFS.png  used on input line 304.
(pdftex.def)             Requested size: 345.0pt x 190.5443pt.

Underfull \hbox (badness 10000) in paragraph at lines 300--307

 []

[13pdfTeX warning (ext4): destination with the same identifier (name{figure.8}) has been already used, duplicate ignored

\@EveryShipout@Output ...@Org@Shipout \box \@cclv 
                                                  
l.307 	\item \textbf
                    {BFS}:Tramite la visita in ampiezza invece si va ad espa...pdfTeX warning (ext4): destination with the same identifier (name{figure.9}) has been already used, duplicate ignored

\@EveryShipout@Output ...@Org@Shipout \box \@cclv 
                                                  
l.307 	\item \textbf
                    {BFS}:Tramite la visita in ampiezza invece si va ad espa... <./img/C_1_BFS.png> <./img/C_2.png>]
<./img/C_2_BFS.png, id=355, 818.05624pt x 440.64626pt>
File: ./img/C_2_BFS.png Graphic file (type png)
<use ./img/C_2_BFS.png>
Package pdftex.def Info: ./img/C_2_BFS.png  used on input line 312.
(pdftex.def)             Requested size: 345.0pt x 185.83665pt.
File: ./img/C_2_BFS.png Graphic file (type png)
<use ./img/C_2_BFS.png>
Package pdftex.def Info: ./img/C_2_BFS.png  used on input line 323.
(pdftex.def)             Requested size: 169.0519pt x 91.05922pt.
File: ./img/C_2_DFS.png Graphic file (type png)
<use ./img/C_2_DFS.png>
Package pdftex.def Info: ./img/C_2_DFS.png  used on input line 324.
(pdftex.def)             Requested size: 169.0519pt x 93.36763pt.
 [14pdfTeX warning (ext4): destination with the same identifier (name{figure.10}) has been already used, duplicate ignored

\@EveryShipout@Output ...@Org@Shipout \box \@cclv 
                                                  
l.329 
       <./img/C_2_DFS.png>]
<./img/C3.png, id=363, 481.8pt x 603.25375pt>
File: ./img/C3.png Graphic file (type png)
<use ./img/C3.png>
Package pdftex.def Info: ./img/C3.png  used on input line 344.
(pdftex.def)             Requested size: 345.0pt x 431.9767pt.
 [15pdfTeX warning (ext4): destination with the same identifier (name{figure.11}) has been already used, duplicate ignored

\@EveryShipout@Output ...@Org@Shipout \box \@cclv 
                                                  
l.348 \textbf{Punto 1}
                      pdfTeX warning (ext4): destination with the same identifier (name{figure.12}) has been already used, duplicate ignored

\@EveryShipout@Output ...@Org@Shipout \box \@cclv 
                                                  
l.348 \textbf{Punto 1}
                       <./img/C_2_BFS.png>]
Package hyperref Info: bookmark level for unknown definition defaults to 0 on input line 354.
 [16 <./img/C3.png>]
<./img/C_3_punto1.png, id=379, 633.36626pt x 479.7925pt>
File: ./img/C_3_punto1.png Graphic file (type png)
<use ./img/C_3_punto1.png>
Package pdftex.def Info: ./img/C_3_punto1.png  used on input line 366.
(pdftex.def)             Requested size: 137.9979pt x 104.53705pt.
 [17pdfTeX warning (ext4): destination with the same identifier (name{figure.13}) has been already used, duplicate ignored

\@EveryShipout@Output ...@Org@Shipout \box \@cclv 
                                                  
l.385 \end{adjustwidth}
                        <./img/C_3_punto1.png>] [18pdfTeX warning (ext4): destination with the same identifier (name{equation.3.1}) has been already used, duplicate ignored

\@EveryShipout@Output ...@Org@Shipout \box \@cclv 
                                                  
l.427 ...one costo} pu√≤ essere riscritta come: $$
                                                  \hat c(x) = \hat g(x)$$]
<./img/C5.png, id=398, 599.23875pt x 586.19pt>
File: ./img/C5.png Graphic file (type png)
<use ./img/C5.png>
Package pdftex.def Info: ./img/C5.png  used on input line 446.
(pdftex.def)             Requested size: 276.00105pt x 269.99055pt.
LaTeX Font Info:    Trying to load font information for T1+cmtt on input line 450.
 (/usr/share/texlive/texmf-dist/tex/latex/base/t1cmtt.fd
File: t1cmtt.fd 2019/12/16 v2.5j Standard LaTeX font definitions
) [19] [20pdfTeX warning (ext4): destination with the same identifier (name{figure.14}) has been already used, duplicate ignored

\@EveryShipout@Output ...@Org@Shipout \box \@cclv 
                                                  
l.476 	$$
          \hat g(x[0..j))=\sum_{j \leq k < split} X_k$$ in cui il valore spl... <./img/C5.png>]
Underfull \hbox (badness 10000) in paragraph at lines 492--493

 []

<./img/4 regine.pdf, id=417, 512.14136pt x 483.68904pt>
File: ./img/4 regine.pdf Graphic file (type pdf)
<use ./img/4 regine.pdf>
Package pdftex.def Info: ./img/4 regine.pdf  used on input line 498.
(pdftex.def)             Requested size: 276.00105pt x 260.67155pt.

Underfull \hbox (badness 10000) in paragraph at lines 495--501

 []

[21] [22pdfTeX warning (ext4): destination with the same identifier (name{figure.15}) has been already used, duplicate ignored

\@EveryShipout@Output ...@Org@Shipout \box \@cclv 
                                                  
l.522 \begin{itemize}
                      <./img/4 regine.pdf>]
<./img/C_8.png, id=430, 864.22874pt x 739.76375pt>
File: ./img/C_8.png Graphic file (type png)
<use ./img/C_8.png>
Package pdftex.def Info: ./img/C_8.png  used on input line 563.
(pdftex.def)             Requested size: 172.5pt x 147.65663pt.
 [23] [24pdfTeX warning (ext4): destination with the same identifier (name{figure.16}) has been already used, duplicate ignored

\@EveryShipout@Output ...@Org@Shipout \box \@cclv 
                                                  
l.594 	$$
         (\vec w = (1,M), \vec p = (2,M), M)$$ <./img/C_8.png>]
<./img/C_9_greedy.png, id=476, 281.05pt x 216.81pt>
File: ./img/C_9_greedy.png Graphic file (type png)
<use ./img/C_9_greedy.png>
Package pdftex.def Info: ./img/C_9_greedy.png  used on input line 606.
(pdftex.def)             Requested size: 172.5pt x 133.07103pt.

Underfull \hbox (badness 10000) in paragraph at lines 599--609

 []

[25pdfTeX warning (ext4): destination with the same identifier (name{figure.17}) has been already used, duplicate ignored

\@EveryShipout@Output ...@Org@Shipout \box \@cclv 
                                                  
l.623 		x[
          j] = 1 <./img/C_9_greedy.png>]
<./img/C_9_ext.png, id=495, 359.3425pt x 276.03125pt>
File: ./img/C_9_ext.png Graphic file (type png)
<use ./img/C_9_ext.png>
Package pdftex.def Info: ./img/C_9_ext.png  used on input line 634.
(pdftex.def)             Requested size: 172.5pt x 132.51033pt.

Underfull \hbox (badness 10000) in paragraph at lines 631--637

 []

[26pdfTeX warning (ext4): destination with the same identifier (name{figure.18}) has been already used, duplicate ignored

\@EveryShipout@Output ...@Org@Shipout \box \@cclv 
                                                  
l.652 	else 
            x[j] = 0 <./img/C_9_ext.png>]
Overfull \hbox (13.7109pt too wide) in paragraph at lines 665--666
[]\T1/cmr/bx/n/10 Definizione \T1/cmr/m/n/10 (K-ap-pros-si-ma-zio-ne)\T1/cmr/bx/n/10 . []\T1/cmr/m/it/10 :Un al-go-rit-mo $\OML/cmm/m/it/10 G$ \T1/cmr/m/it/10 fo-ni-sce una k-approssimazione
 []


Underfull \hbox (badness 10000) in paragraph at lines 674--675

 []

[27]
Overfull \hbox (3.22285pt too wide) in paragraph at lines 707--708
\T1/cmr/m/it/10 Illustrare l'al-go-rit-mo \T1/cmr/bx/it/10 Greedy-LKP\T1/cmr/m/it/10 , il-lu-stran-do-ne il fun-zio-na-men-to su una istan-
 []

[28] [29]
Overfull \hbox (45.7031pt too wide) in paragraph at lines 753--756
[]\T1/cmr/bx/n/10 Teorema. []\T1/cmr/m/it/10 Se $[] \OMS/cmsy/m/n/10 ^^T [] ^^T \OML/cmm/m/it/10 :::$ \T1/cmr/m/it/10 al-lo-ra il vet-to-re so-lu-zio-ne $\OML/cmm/m/it/10 x[] \OT1/cmr/m/n/10 = (1\OML/cmm/m/it/10 ; :::; \OT1/cmr/m/n/10 1\OML/cmm/m/it/10 ; []; \OT1/cmr/m/n/10 0\OML/cmm/m/it/10 ; :::; \OT1/cmr/m/n/10 0)$
 []


Overfull \hbox (63.43588pt too wide) detected at line 760
\OMS/cmsy/m/n/10 9\OML/cmm/m/it/10 y \OT1/cmr/m/n/10 = (\OML/cmm/m/it/10 y[]; :::; y[]\OT1/cmr/m/n/10 ) \OML/cmm/m/it/10 t:c:  [] y[]w[] > [] p[] \OT1/cmr/m/n/10 + []\OML/cmm/m/it/10 w[][] [] y[]w[] \OT1/cmr/m/n/10 = ([] \OML/cmm/m/it/10 w[]\OT1/cmr/m/n/10 ) + \OML/cmm/m/it/10 w[]
 []


Overfull \hbox (18.27658pt too wide) in paragraph at lines 788--791
\T1/cmr/m/n/10 Abbiamo i va-lo-ri ot-te-nu-ti da \T1/cmr/bx/n/10 Greedy-split \T1/cmr/m/n/10 ($[]$), \T1/cmr/bx/n/10 Gree-dy\T1/cmr/m/n/10 ($\OML/cmm/m/it/10 z[]$\T1/cmr/m/n/10 ) e \T1/cmr/bx/n/10 Greedy-LKP\T1/cmr/m/n/10 ($\OML/cmm/m/it/10 z[]$\T1/cmr/m/n/10 ). 
 []

[30]
<./img/C_13.png, id=565, 686.565pt x 673.51625pt>
File: ./img/C_13.png Graphic file (type png)
<use ./img/C_13.png>
Package pdftex.def Info: ./img/C_13.png  used on input line 797.
(pdftex.def)             Requested size: 207.0021pt x 203.06358pt.

Underfull \hbox (badness 10000) in paragraph at lines 792--800

 []

[31pdfTeX warning (ext4): destination with the same identifier (name{figure.19}) has been already used, duplicate ignored

\@EveryShipout@Output ...@Org@Shipout \box \@cclv 
                                                  
l.814 	        \end{equation}
                              <./img/C_13.png>]
Overfull \hbox (56.80093pt too wide) detected at line 821
[][]\OT1/cmr/m/n/10 (\OML/cmm/m/it/10 x\OT1/cmr/m/n/10 [0\OML/cmm/m/it/10 ::j\OT1/cmr/m/n/10 )) []
 []

<./img/C14_profitto_z.png, id=573, 497.86pt x 358.33875pt>
File: ./img/C14_profitto_z.png Graphic file (type png)
<use ./img/C14_profitto_z.png>
Package pdftex.def Info: ./img/C14_profitto_z.png  used on input line 837.
(pdftex.def)             Requested size: 241.49895pt x 173.82143pt.

Underfull \hbox (badness 10000) in paragraph at lines 832--840

 []


Overfull \hbox (1.29976pt too wide) in paragraph at lines 846--848
\T1/cmr/m/n/10 do su-pe-ra-to la ca-pa-ci-t‡ mas-si-ma.Il no-do vie-ne eti-chet-ta-to co-me \T1/cmr/bx/n/10 "com-
 []

<./img/C14_item2.png, id=574, 798.985pt x 358.33875pt>
File: ./img/C14_item2.png Graphic file (type png)
<use ./img/C14_item2.png>
Package pdftex.def Info: ./img/C14_item2.png  used on input line 852.
(pdftex.def)             Requested size: 241.49895pt x 108.31168pt.

Underfull \hbox (badness 10000) in paragraph at lines 848--855

 []

[32pdfTeX warning (ext4): destination with the same identifier (name{equation.3.2}) has been already used, duplicate ignored

\@EveryShipout@Output ...@Org@Shipout \box \@cclv 
                                                  
l.855 		\item $
               f(h(x[0..j)) < C \land f(h(x[0..j)) + \hat{g}.z(x[0..j)) > z^...]
<./img/C14_BB_manuale.png, id=581, 1337.99875pt x 979.66pt>
File: ./img/C14_BB_manuale.png Graphic file (type png)
<use ./img/C14_BB_manuale.png>
Package pdftex.def Info: ./img/C14_BB_manuale.png  used on input line 863.
(pdftex.def)             Requested size: 345.0pt x 252.59787pt.
 [33pdfTeX warning (ext4): destination with the same identifier (name{figure.20}) has been already used, duplicate ignored

\@EveryShipout@Output ...@Org@Shipout \box \@cclv 
                                                  
l.869 \end{adjustwidth}
                       pdfTeX warning (ext4): destination with the same identifier (name{figure.21}) has been already used, duplicate ignored

\@EveryShipout@Output ...@Org@Shipout \box \@cclv 
                                                  
l.869 \end{adjustwidth}
                        <./img/C14_profitto_z.png> <./img/C14_item2.png>]
<./img/D1_albero.png, id=591, 1174.3875pt x 262.9825pt>
File: ./img/D1_albero.png Graphic file (type png)
<use ./img/D1_albero.png>
Package pdftex.def Info: ./img/D1_albero.png  used on input line 883.
(pdftex.def)             Requested size: 345.0pt x 77.25412pt.

Overfull \hbox (13.17441pt too wide) in paragraph at lines 876--887
\T1/cmr/m/n/10 Estraendo l'e-le-men-to di in-di-ce 4 si ot-tie-ne: $\OML/cmm/m/it/10 max \OT1/cmr/m/n/10 3\OML/cmm/m/it/10 x[] [][] p[]x[][]\OT1/cmr/m/n/10 4\OML/cmm/m/it/10 x[] [][] w[]x[]$\T1/cmr/m/n/10 .
 []

[34pdfTeX warning (ext4): destination with the same identifier (name{figure.22}) has been already used, duplicate ignored

\@EveryShipout@Output ...@Org@Shipout \box \@cclv 
                                                  
l.887 \begin{itemize}
                      <./img/C14_BB_manuale.png>] [35pdfTeX warning (ext4): destination with the same identifier (name{figure.23}) has been already used, duplicate ignored

\@EveryShipout@Output ...@Org@Shipout \box \@cclv 
                                                  
l.907 
       <./img/D1_albero.png>]
Underfull \hbox (badness 10000) in paragraph at lines 912--913

 []


Underfull \hbox (badness 10000) in paragraph at lines 943--944

 []

<./img/D2_ricavo.png, id=605, 648.4225pt x 413.545pt>
File: ./img/D2_ricavo.png Graphic file (type png)
<use ./img/D2_ricavo.png>
Package pdftex.def Info: ./img/D2_ricavo.png  used on input line 959.
(pdftex.def)             Requested size: 345.0pt x 220.02966pt.
[36]
<./img/D2_2vettori.png, id=625, 182.6825pt x 244.915pt>
File: ./img/D2_2vettori.png Graphic file (type png)
<use ./img/D2_2vettori.png>
Package pdftex.def Info: ./img/D2_2vettori.png  used on input line 973.
(pdftex.def)             Requested size: 137.9979pt x 185.01619pt.
<./img/D2_1vettore.png, id=626, 307.1475pt x 339.2675pt>
File: ./img/D2_1vettore.png Graphic file (type png)
<use ./img/D2_1vettore.png>
Package pdftex.def Info: ./img/D2_1vettore.png  used on input line 974.
(pdftex.def)             Requested size: 137.9995pt x 191.36035pt.

Underfull \hbox (badness 10000) in paragraph at lines 966--977

 []

[37pdfTeX warning (ext4): destination with the same identifier (name{figure.24}) has been already used, duplicate ignored

\@EveryShipout@Output ...@Org@Shipout \box \@cclv 
                                                  
l.977 
       <./img/D2_ricavo.png>] [38pdfTeX warning (ext4): destination with the same identifier (name{figure.25}) has been already used, duplicate ignored

\@EveryShipout@Output ...@Org@Shipout \box \@cclv 
                                                  
l.991 ...; costo(DTM(x)) \leq p(\lvert x \rvert)$$
                                                   <./img/D2_2vettori.png> <./img/D2_1vettore.png>]
<./img/E1_DTM.png, id=644, 275.0275pt x 229.85875pt>
File: ./img/E1_DTM.png Graphic file (type png)
<use ./img/E1_DTM.png>
Package pdftex.def Info: ./img/E1_DTM.png  used on input line 995.
(pdftex.def)             Requested size: 137.51341pt x 114.92908pt.

Underfull \hbox (badness 10000) in paragraph at lines 991--998

 []

<./img/E1_NDTM.png, id=645, 292.09125pt x 260.975pt>
File: ./img/E1_NDTM.png Graphic file (type png)
<use ./img/E1_NDTM.png>
Package pdftex.def Info: ./img/E1_NDTM.png  used on input line 1015.
(pdftex.def)             Requested size: 146.04526pt x 130.48718pt.
[39pdfTeX warning (ext4): destination with the same identifier (name{figure.26}) has been already used, duplicate ignored

\@EveryShipout@Output ...@Org@Shipout \box \@cclv 
                                                  
l.1022 U
        tlizzare il formalismo delle macchine di Turing √® scomodo e comples... <./img/E1_dtm.png>]
<./img/E2.png, id=652, 557.08125pt x 307.1475pt>
File: ./img/E2.png Graphic file (type png)
<use ./img/E2.png>
Package pdftex.def Info: ./img/E2.png  used on input line 1042.
(pdftex.def)             Requested size: 278.53995pt x 153.57336pt.
 [40pdfTeX warning (ext4): destination with the same identifier (name{figure.27}) has been already used, duplicate ignored

\@EveryShipout@Output ...@Org@Shipout \box \@cclv 
                                                  
l.1046 		\end{itemize}
                       <./img/E1_NDTM.png>]
<./img/E3.png, id=661, 661.47125pt x 407.5225pt>
File: ./img/E3.png Graphic file (type png)
<use ./img/E3.png>
Package pdftex.def Info: ./img/E3.png  used on input line 1061.
(pdftex.def)             Requested size: 345.0pt x 212.54718pt.

Underfull \hbox (badness 10000) in paragraph at lines 1055--1064

 []

[41pdfTeX warning (ext4): destination with the same identifier (name{figure.28}) has been already used, duplicate ignored

\@EveryShipout@Output ...@Org@Shipout \box \@cclv 
                                                  
l.1067 
        <./img/E2.png>] (/usr/share/texlive/texmf-dist/tex/latex/listings/lstlang1.sty
File: lstlang1.sty 2019/09/10 1.8c listings language file
) [42pdfTeX warning (ext4): destination with the same identifier (name{figure.29}) has been already used, duplicate ignored

\@EveryShipout@Output ...@Org@Shipout \box \@cclv 
                                                  
l.1083         z* 
                  = l-1 <./img/E3.png>] [43]
<./img/E6.png, id=693, 566.115pt x 115.43124pt>
File: ./img/E6.png Graphic file (type png)
<use ./img/E6.png>
Package pdftex.def Info: ./img/E6.png  used on input line 1140.
(pdftex.def)             Requested size: 345.0pt x 70.34778pt.

Underfull \hbox (badness 10000) in paragraph at lines 1136--1142

 []

[44 <./img/E6.png>]
<./img/E7_circuit.png, id=699, 270.00874pt x 237.88875pt>
File: ./img/E7_circuit.png Graphic file (type png)
<use ./img/E7_circuit.png>
Package pdftex.def Info: ./img/E7_circuit.png  used on input line 1160.
(pdftex.def)             Requested size: 137.9979pt x 121.583pt.
 [45pdfTeX warning (ext4): destination with the same identifier (name{figure.30}) has been already used, duplicate ignored

\@EveryShipout@Output ...@Org@Shipout \box \@cclv 
                                                  
l.1178 \end{theorem}
                     <./img/E7_circuit.png>]
Overfull \hbox (49.75082pt too wide) detected at line 1186
\OML/cmm/m/it/10 C\OT1/cmr/m/n/10 (\OML/cmm/m/it/10 a; l\OT1/cmr/m/n/10 ) = (\OML/cmm/m/it/10 a \OMS/cmsy/m/n/10 , \OML/cmm/m/it/10 l\OT1/cmr/m/n/10 ) = (\OML/cmm/m/it/10 a \OMS/cmsy/m/n/10 ) \OML/cmm/m/it/10 l\OT1/cmr/m/n/10 ) \OMS/cmsy/m/n/10 ^ \OT1/cmr/m/n/10 (\OML/cmm/m/it/10 l \OMS/cmsy/m/n/10 ) \OML/cmm/m/it/10 a\OT1/cmr/m/n/10 ) = [] = [[]\OML/cmm/m/it/10 ; l\OT1/cmr/m/n/10 ]\OML/cmm/m/it/10 ; \OT1/cmr/m/n/10 [[]\OML/cmm/m/it/10 ; a\OT1/cmr/m/n/10 ]
 []


Overfull \hbox (84.13937pt too wide) detected at line 1193
[]
 []


Overfull \hbox (15.01552pt too wide) in paragraph at lines 1215--1219
\T1/cmr/m/n/10 Posto ve-ro per ipo-te-si $\OMS/cmsy/m/n/10 9\OML/cmm/m/it/10 '\OT1/cmr/m/n/10 ^^H[](\OML/cmm/m/it/10 f\OT1/cmr/m/n/10 ) = \OML/cmm/m/it/10 true$ \T1/cmr/m/n/10 ho che $\OT1/cmr/m/n/10 (\OML/cmm/m/it/10 '[]\OT1/cmr/m/n/10 (\OML/cmm/m/it/10 a\OT1/cmr/m/n/10 ) \OMS/cmsy/m/n/10 ^ \OML/cmm/m/it/10 '[]\OT1/cmr/m/n/10 ^^H[](\OML/cmm/m/it/10 C\OT1/cmr/m/n/10 [\OML/cmm/m/it/10 a; f\OT1/cmr/m/n/10 ])\OML/cmm/m/it/10 i\OT1/cmr/m/n/10 ) =
 []

[46] [47]
<./img/E9_induzione.png, id=723, 547.04375pt x 222.8325pt>
File: ./img/E9_induzione.png Graphic file (type png)
<use ./img/E9_induzione.png>
Package pdftex.def Info: ./img/E9_induzione.png  used on input line 1256.
(pdftex.def)             Requested size: 172.5pt x 70.26741pt.
<./img/E9_tautologia.png, id=724, 1202.4925pt x 395.4775pt>
File: ./img/E9_tautologia.png Graphic file (type png)
<use ./img/E9_tautologia.png>
Package pdftex.def Info: ./img/E9_tautologia.png  used on input line 1262.
(pdftex.def)             Requested size: 276.00105pt x 90.77083pt.

Underfull \hbox (badness 10000) in paragraph at lines 1253--1264

 []

[48 <./img/E9_induzione.png> <./img/E9_tautologia.png>]
Overfull \hbox (9.18951pt too wide) in paragraph at lines 1272--1273
[]\T1/cmr/bx/n/10 Definizione. []\T1/cmr/m/it/10 Sia $\OML/cmm/m/it/10 G \OT1/cmr/m/n/10 = (\OML/cmm/m/it/10 V; E\OT1/cmr/m/n/10 )$\T1/cmr/m/it/10 , gra-fo non orien-ta-to $\OMS/cmsy/m/n/10 9\OML/cmm/m/it/10 c \OT1/cmr/m/n/10 : \OML/cmm/m/it/10 Vertex \OMS/cmsy/m/n/10 ! f\OML/cmm/m/it/10 col\OT1/cmr/m/n/10 1\OML/cmm/m/it/10 ; col\OT1/cmr/m/n/10 2\OML/cmm/m/it/10 ; col\OT1/cmr/m/n/10 3\OMS/cmsy/m/n/10 g$
 []

<./img/E10_passo1.png, id=732, 461.725pt x 211.79124pt>
File: ./img/E10_passo1.png Graphic file (type png)
<use ./img/E10_passo1.png>
Package pdftex.def Info: ./img/E10_passo1.png  used on input line 1280.
(pdftex.def)             Requested size: 172.5pt x 79.1242pt.
<./img/E10_passo2.png, id=733, 428.60126pt x 163.61125pt>
File: ./img/E10_passo2.png Graphic file (type png)
<use ./img/E10_passo2.png>
Package pdftex.def Info: ./img/E10_passo2.png  used on input line 1287.
(pdftex.def)             Requested size: 172.5pt x 65.84776pt.
<./img/E10_passo3.png, id=735, 411.5375pt x 215.80624pt>
File: ./img/E10_passo3.png Graphic file (type png)
<use ./img/E10_passo3.png>
Package pdftex.def Info: ./img/E10_passo3.png  used on input line 1294.
(pdftex.def)             Requested size: 172.5pt x 90.45688pt.

Underfull \hbox (badness 10000) in paragraph at lines 1291--1297

 []

<./img/E10_finale.png, id=736, 935.495pt x 273.02pt>
File: ./img/E10_finale.png Graphic file (type png)
<use ./img/E10_finale.png>
Package pdftex.def Info: ./img/E10_finale.png  used on input line 1301.
(pdftex.def)             Requested size: 345.0pt x 100.6867pt.
[49pdfTeX warning (ext4): destination with the same identifier (name{figure.31}) has been already used, duplicate ignored

\@EveryShipout@Output ...@Org@Shipout \box \@cclv 
                                                  
l.1307 \subsection
                  {E.11}pdfTeX warning (ext4): destination with the same identifier (name{figure.32}) has been already used, duplicate ignored

\@EveryShipout@Output ...@Org@Shipout \box \@cclv 
                                                  
l.1307 \subsection
                  {E.11} <./img/E10_passo1.png> <./img/E10_passo2.png>]
<./img/E11_sbavatura.png, id=751, 519.9425pt x 361.35pt>
File: ./img/E11_sbavatura.png Graphic file (type png)
<use ./img/E11_sbavatura.png>
Package pdftex.def Info: ./img/E11_sbavatura.png  used on input line 1317.
(pdftex.def)             Requested size: 172.5pt x 119.87994pt.
 [50pdfTeX warning (ext4): destination with the same identifier (name{figure.33}) has been already used, duplicate ignored

\@EveryShipout@Output ...@Org@Shipout \box \@cclv 
                                                  
l.1324 
       pdfTeX warning (ext4): destination with the same identifier (name{figure.34}) has been already used, duplicate ignored

\@EveryShipout@Output ...@Org@Shipout \box \@cclv 
                                                  
l.1324 
        <./img/E10_passo3.png> <./img/E10_finale.png>]
<./img/E11_colorazione.png, id=759, 555.07375pt x 408.52625pt>
File: ./img/E11_colorazione.png Graphic file (type png)
<use ./img/E11_colorazione.png>
Package pdftex.def Info: ./img/E11_colorazione.png  used on input line 1328.
(pdftex.def)             Requested size: 172.5pt x 126.95973pt.
<./img/E11_degenere.png, id=760, 730.73pt x 245.91875pt>
File: ./img/E11_degenere.png Graphic file (type png)
<use ./img/E11_degenere.png>
Package pdftex.def Info: ./img/E11_degenere.png  used on input line 1339.
(pdftex.def)             Requested size: 276.00105pt x 92.88347pt.

Overfull \hbox (14.46654pt too wide) in paragraph at lines 1325--1344
\T1/cmr/m/n/10 gia-mo tut-te le cop-pie variabile-singoletto (ad esem-pio $\OMS/cmsy/m/n/10 f\OML/cmm/m/it/10 x; v[]\OMS/cmsy/m/n/10 g\OML/cmm/m/it/10 ; \OMS/cmsy/m/n/10 f\OML/cmm/m/it/10 x; b[]\OMS/cmsy/m/n/10 g\OML/cmm/m/it/10 ; :::; \OMS/cmsy/m/n/10 f\OML/cmm/m/it/10 y; r[]\OMS/cmsy/m/n/10 g\OML/cmm/m/it/10 ; :::$\T1/cmr/m/n/10 ). 
 []

[51pdfTeX warning (ext4): destination with the same identifier (name{figure.35}) has been already used, duplicate ignored

\@EveryShipout@Output ...@Org@Shipout \box \@cclv 
                                                  
l.1344 
        <./img/E11_sbavatura.png> <./img/E11_colorazione.png>] [52pdfTeX warning (ext4): destination with the same identifier (name{figure.36}) has been already used, duplicate ignored

\@EveryShipout@Output ...@Org@Shipout \box \@cclv 
                                                  
l.1366 \end{center}
                    <./img/E11_degenere.png>] [53] [54] [55]
Package atveryend Info: Empty hook `BeforeClearDocument' on input line 1442.
Package atveryend Info: Empty hook `AfterLastShipout' on input line 1442.
 (./risposte.aux)
Package atveryend Info: Executing hook `AtVeryEndDocument' on input line 1442.
Package atveryend Info: Executing hook `AtEndAfterFileList' on input line 1442.
Package rerunfilecheck Info: File `risposte.out' has not changed.
(rerunfilecheck)             Checksum: D2BEB385BC40B2AA6B1DFD435079EF76;2315.
 ) 
Here is how much of TeX's memory you used:
 33865 strings out of 482520
 714944 string characters out of 5948047
 1213884 words of memory out of 5000000
 48058 multiletter control sequences out of 15000+600000
 549330 words of font info for 66 fonts, out of 8000000 for 9000
 395 hyphenation exceptions out of 8191
 144i,13n,178p,1605b,2141s stack positions out of 5000i,500n,10000p,200000b,80000s
 </home/lorenzo/.texlive2019/texmf-var/fonts/pk/ljfour/jknappen/ec/ecit1000.600pk> </home/lorenzo/.texlive2019/texmf-var/fonts/pk/ljfour/jknappen/ec/ectt1000.600pk> </home/lorenzo/.texlive2019/texmf-var/fonts/pk/ljfour/jknappen/ec/ecbi1000.600pk> </home/lorenzo/.texlive2019/texmf-var/fonts/pk/ljfour/jknappen/ec/tcrm1000.600pk> </home/lorenzo/.texlive2019/texmf-var/fonts/pk/ljfour/jknappen/ec/ecti1000.600pk> </home/lorenzo/.texlive2019/texmf-var/fonts/pk/ljfour/jknappen/ec/ecbx1200.600pk> </home/lorenzo/.texlive2019/texmf-var/fonts/pk/ljfour/jknappen/ec/ecrm1000.600pk> </home/lorenzo/.texlive2019/texmf-var/fonts/pk/ljfour/jknappen/ec/ecbx1000.600pk> </home/lorenzo/.texlive2019/texmf-var/fonts/pk/ljfour/jknappen/ec/ecbx1440.600pk> </home/lorenzo/.texlive2019/texmf-var/fonts/pk/ljfour/jknappen/ec/ecrm1200.600pk> </home/lorenzo/.texlive2019/texmf-var/fonts/pk/ljfour/jknappen/ec/ecrm1728.600pk></usr/share/texlive/texmf-dist/fonts/type1/public/amsfonts/cm/cmex10.pfb></usr/share/texlive/texmf-dist/fonts/type1/public/amsfonts/cmextra/cmex7.pfb></usr/share/texlive/texmf-dist/fonts/type1/public/amsfonts/cm/cmmi10.pfb></usr/share/texlive/texmf-dist/fonts/type1/public/amsfonts/cm/cmmi5.pfb></usr/share/texlive/texmf-dist/fonts/type1/public/amsfonts/cm/cmmi7.pfb></usr/share/texlive/texmf-dist/fonts/type1/public/amsfonts/cm/cmr10.pfb></usr/share/texlive/texmf-dist/fonts/type1/public/amsfonts/cm/cmr5.pfb></usr/share/texlive/texmf-dist/fonts/type1/public/amsfonts/cm/cmr7.pfb></usr/share/texlive/texmf-dist/fonts/type1/public/amsfonts/cm/cmsy10.pfb></usr/share/texlive/texmf-dist/fonts/type1/public/amsfonts/cm/cmsy5.pfb></usr/share/texlive/texmf-dist/fonts/type1/public/amsfonts/cm/cmsy7.pfb></usr/share/texlive/texmf-dist/fonts/type1/public/amsfonts/symbols/msam10.pfb></usr/share/texlive/texmf-dist/fonts/type1/public/amsfonts/symbols/msbm10.pfb>
Output written on risposte.pdf (55 pages, 3811880 bytes).
PDF statistics:
 1318 PDF objects out of 1440 (max. 8388607)
 767 compressed objects within 8 object streams
 293 named destinations out of 1000 (max. 500000)
 577 words of extra memory for PDF output out of 10000 (max. 10000000)

